2014-05-26 19:21:50 INFO::==================================================
2014-05-26 19:21:50 INFO::Initialization started
2014-05-26 19:21:50 INFO::-> loading packages step
2014-05-26 19:21:50 INFO::---> package Rook OK
2014-05-26 19:21:50 INFO::---> package logging OK
2014-05-26 19:21:50 INFO::-> creating listner on port 9001
2014-05-26 19:21:50 INFO::-> loading application (1 application to load)
2014-05-26 19:21:50 INFO::Loading appliacation: app_test.R
2014-05-26 19:22:38 INFO::==================================================
2014-05-26 19:22:38 INFO::Initialization started
2014-05-26 19:22:38 INFO::-> loading packages (2 packages to load
2014-05-26 19:22:38 INFO::---> package Rook OK
2014-05-26 19:22:38 INFO::---> package logging OK
2014-05-26 19:22:38 INFO::-> creating listner on port 9001
2014-05-26 19:22:38 INFO::-> loading application (1 application to load)
2014-05-26 19:22:38 INFO::Loading appliacation: app_test.R
2014-05-26 19:22:46 INFO::==================================================
2014-05-26 19:22:46 INFO::Initialization started
2014-05-26 19:22:46 INFO::-> loading packages (2 packages to load)
2014-05-26 19:22:46 INFO::---> package Rook OK
2014-05-26 19:22:46 INFO::---> package logging OK
2014-05-26 19:22:46 INFO::-> creating listner on port 9001
2014-05-26 19:22:46 INFO::-> loading application (1 application to load)
2014-05-26 19:22:46 INFO::Loading appliacation: app_test.R
2014-05-26 19:23:18 INFO::==================================================
2014-05-26 19:23:18 INFO::Initialization started
2014-05-26 19:23:18 INFO::-> loading packages (2 packages to load)
2014-05-26 19:23:18 INFO::---> package Rook OK
2014-05-26 19:23:18 INFO::---> package logging OK
2014-05-26 19:23:18 INFO::-> creating listener on port 9001
2014-05-26 19:23:18 INFO::-> loading application (1 application to load)
2014-05-26 19:23:18 INFO::Loading appliacation: app_test.R
2014-05-26 19:24:23 INFO::==================================================
2014-05-26 19:24:23 INFO::Initialization started
2014-05-26 19:24:23 INFO::-> loading packages (2 packages to load)
2014-05-26 19:24:23 INFO::---> package Rook loaded
2014-05-26 19:24:23 INFO::---> package logging loaded
2014-05-26 19:24:23 INFO::-> creating listener on port 9001
2014-05-26 19:24:23 INFO::-> loading application (1 application to load)
2014-05-26 19:25:10 INFO::==================================================
2014-05-26 19:25:10 INFO::Initialization started
2014-05-26 19:25:10 INFO::-> loading packages (2 packages to load)
2014-05-26 19:25:10 INFO::---> package Rook loaded
2014-05-26 19:25:10 INFO::---> package logging loaded
2014-05-26 19:25:10 INFO::-> creating listener on port 9001
2014-05-26 19:25:10 INFO::-> loading application (1 application to load)
2014-05-26 19:28:16 INFO::==================================================
2014-05-26 19:28:16 INFO::Initialization started
2014-05-26 19:28:16 INFO::-> loading packages (2 packages to load)
2014-05-26 19:28:16 INFO::---> package Rook loaded
2014-05-26 19:28:16 INFO::---> package logging loaded
2014-05-26 19:28:17 INFO::-> creating listener on port 9001
2014-05-26 19:28:17 INFO::-> loading application (1 application to load)
2014-05-26 19:28:17 INFO::---> appliacation: app_test.R loaded
2014-05-26 19:28:17 INFO::Initialization of rook server on port 9001 ended. Server is working...
2014-05-26 19:28:58 INFO::==================================================
2014-05-26 19:28:58 INFO::Initialization started
2014-05-26 19:28:58 INFO::-> loading packages (2 packages to load)
2014-05-26 19:28:58 INFO::---> package Rook loaded
2014-05-26 19:28:58 INFO::---> package logging loaded
2014-05-26 19:28:58 INFO::-> creating listener on port 9001
2014-05-26 19:28:58 INFO::-> loading application (1 application to load)
2014-05-26 19:28:58 INFO::---> application app_test.R loaded
2014-05-26 19:28:58 INFO::Initialization of rook server on port 9001 ended. Server is working...
2014-05-26 19:29:24 INFO::==================================================
2014-05-26 19:29:24 INFO::Initialization started
2014-05-26 19:29:24 INFO::-> loading packages (2 packages to load)
2014-05-26 19:29:24 INFO::---> package Rook loaded
2014-05-26 19:29:24 INFO::---> package logging loaded
2014-05-26 19:29:24 INFO::-> creating listener on port 9001
2014-05-26 19:29:24 INFO::-> loading applications (1 application to load)
2014-05-26 19:29:24 INFO::---> application app_test.R loaded
2014-05-26 19:29:24 INFO::Initialization of rook server on port 9001 ended. Server is working...
2014-05-26 19:31:56 INFO::==================================================
2014-05-26 19:31:56 INFO::Initialization started
2014-05-26 19:31:56 INFO::-> loading packages (2 packages to load)
2014-05-26 19:31:56 INFO::---> package Rook loaded
2014-05-26 19:31:56 INFO::---> package logging loaded
2014-05-26 19:31:56 INFO::-> creating listener on port 9001
2014-05-26 19:31:56 INFO::-> loading applications (1 application to load)
2014-05-26 19:31:56 INFO::---> application app_test.R loaded
2014-05-26 19:31:56 INFO::Initialization of rook server on port 9001 ended. Server is working...
2014-05-26 19:33:51 INFO::==================================================
2014-05-26 19:33:51 INFO::Initialization started
2014-05-26 19:33:51 INFO::-> loading packages (2 packages to load)
2014-05-26 19:33:52 INFO::---> package Rook loaded
2014-05-26 19:33:52 INFO::---> package logging loaded
2014-05-26 19:33:52 INFO::-> creating listener on port 9001
2014-05-26 19:33:52 INFO::-> loading applications (1 application to load)
2014-05-26 19:33:52 INFO::---> application app_test.R loaded
2014-05-26 19:33:52 INFO::Initialization of rook server on port 9001 ended. Server is working...
2014-05-26 19:34:17 INFO::==================================================
2014-05-26 19:34:17 INFO::Initialization started
2014-05-26 19:34:17 INFO::-> loading packages (2 packages to load)
2014-05-26 19:34:17 INFO::---> package Rook loaded
2014-05-26 19:34:17 INFO::---> package logging loaded
2014-05-26 19:34:17 INFO::-> creating listener on port 9001
2014-05-26 19:34:17 INFO::-> loading applications (1 application to load)
2014-05-26 19:34:17 INFO::---> application app_test.R loaded
2014-05-26 19:34:17 INFO::Initialization of rook server on port 9001 ended. Server is working...
2014-05-26 19:37:41 INFO::==================================================
2014-05-26 19:37:41 INFO::Initialization started
2014-05-26 19:37:41 INFO::-> loading packages (2 packages to load)
2014-05-26 19:37:41 INFO::---> package Rook loaded
2014-05-26 19:37:41 INFO::---> package logging loaded
2014-05-26 19:37:41 INFO::-> creating listener on port 9001
2014-05-26 19:37:41 INFO::-> loading applications (1 application to load)
2014-05-26 19:37:41 INFO::---> application app_test.R loaded
2014-05-26 19:37:41 INFO::Initialization of rook server on port 9001 ended. Server is working...
2014-05-26 19:38:23 INFO::==================================================
2014-05-26 19:38:23 INFO::Initialization started
2014-05-26 19:38:23 INFO::-> loading packages (2 packages to load)
2014-05-26 19:38:24 INFO::---> package Rook loaded
2014-05-26 19:38:24 INFO::---> package logging loaded
2014-05-26 19:38:25 INFO::-> creating listener on port 9001
2014-05-26 19:38:25 INFO::-> loading applications (1 application to load)
2014-05-26 19:38:25 INFO::---> application app_test.R loaded
2014-05-26 19:38:25 INFO::Initialization of rook server on port 9001 ended. Server is working...
2014-05-26 19:38:44 INFO::==================================================
2014-05-26 19:38:45 INFO::Initialization started
2014-05-26 19:38:45 INFO::-> loading packages (2 packages to load)
2014-05-26 19:38:45 INFO::---> package Rook loaded
2014-05-26 19:38:45 INFO::---> package logging loaded
2014-05-26 19:38:46 INFO::-> creating listener on port 9001
2014-05-26 19:38:46 INFO::-> loading applications (1 application to load)
2014-05-26 19:38:46 INFO::---> application app_test.R loaded
2014-05-26 19:38:46 INFO::Initialization of rook server on port 9001 ended. Server is working...
2014-05-26 19:38:59 INFO::==================================================
2014-05-26 19:38:59 INFO::Initialization started
2014-05-26 19:38:59 INFO::-> loading packages (2 packages to load)
2014-05-26 19:39:00 INFO::---> package Rook loaded
2014-05-26 19:39:00 INFO::---> package logging loaded
2014-05-26 19:39:01 INFO::-> creating listener on port 9001
2014-05-26 19:39:01 WARNING::ddddddddddd
2014-05-26 19:39:01 INFO::-> loading applications (1 application to load)
2014-05-26 19:39:01 INFO::---> application app_test.R loaded
2014-05-26 19:39:01 INFO::Initialization of rook server on port 9001 ended. Server is working...
2014-05-26 19:39:12 INFO::==================================================
2014-05-26 19:39:12 INFO::Initialization started
2014-05-26 19:39:12 INFO::-> loading packages (2 packages to load)
2014-05-26 19:39:13 INFO::---> package Rook loaded
2014-05-26 19:39:13 INFO::---> package logging loaded
2014-05-26 19:39:13 INFO::-> creating listener on port 9001
2014-05-26 19:39:13 INFO::-> loading applications (1 application to load)
2014-05-26 19:39:13 INFO::---> application app_test.R loaded
2014-05-26 19:39:13 INFO::Initialization of rook server on port 9001 ended. Server is working...
2014-05-26 19:39:38 INFO::==================================================
2014-05-26 19:39:38 INFO::Initialization started
2014-05-26 19:39:38 INFO::-> loading packages (2 packages to load)
2014-05-26 19:39:38 INFO::---> package Rook loaded
2014-05-26 19:39:38 INFO::---> package logging loaded
2014-05-26 19:39:38 INFO::-> creating listener on port 9001
2014-05-26 19:39:38 INFO::-> loading applications (1 application to load)
2014-05-26 19:39:38 INFO::---> application app_test.R loaded
2014-05-26 19:39:38 INFO::Initialization of rook server on port 9001 ended. Server is working...
2014-05-26 19:40:48 INFO::==================================================
2014-05-26 19:40:48 INFO::Initialization started
2014-05-26 19:40:48 INFO::-> loading packages (2 packages to load)
2014-05-26 19:40:48 INFO::---> package Rook loaded
2014-05-26 19:40:48 INFO::---> package logging loaded
2014-05-26 19:40:48 INFO::-> creating listener on port 9001
2014-05-26 19:40:48 INFO::-> loading applications (1 application to load)
2014-05-26 19:40:48 INFO::---> application app_test.R loaded
2014-05-26 19:40:48 INFO::Initialization of rook server on port 9001 has ended. Server is working...
2014-05-26 19:43:03 INFO::==================================================
2014-05-26 19:43:03 INFO::Initialization started
2014-05-26 19:43:03 INFO::-> loading packages (2 packages to load)
2014-05-26 19:43:04 INFO::---> package Rook loaded
2014-05-26 19:43:04 INFO::---> package logging loaded
2014-05-26 19:43:04 INFO::-> creating listener on port 9001
2014-05-26 19:43:04 INFO::-> loading applications (1 application to load)
2014-05-26 19:43:04 INFO::---> application app_test.R loaded
2014-05-26 19:43:04 INFO::Initialization of rook server on port 9001 has ended. Server is working...
2014-05-26 19:45:56 INFO::==================================================
2014-05-26 19:45:56 INFO::Initialization started
2014-05-26 19:45:56 INFO::-> loading packages (2 packages to load)
2014-05-26 19:45:56 INFO::---> package Rook loaded
2014-05-26 19:45:56 INFO::---> package logging loaded
2014-05-26 19:45:56 INFO::-> creating listener on port 9001
2014-05-26 19:45:56 INFO::-> loading applications (1 application to load)
2014-05-26 19:45:56 INFO::---> application app_test.R loaded
2014-05-26 19:45:56 INFO::Initialization of rook server on port 9001 has ended. Server is working...
2014-05-26 19:47:02 INFO::==================================================
2014-05-26 19:47:02 INFO::Initialization started
2014-05-26 19:47:02 INFO::-> loading packages (2 packages to load)
2014-05-26 19:47:02 INFO::---> package Rook loaded
2014-05-26 19:47:02 INFO::---> package logging loaded
2014-05-26 19:47:02 INFO::-> creating listener on port 9001
2014-05-26 19:47:02 INFO::-> loading applications (1 application to load)
2014-05-26 19:47:02 INFO::---> application app_test.R loaded
2014-05-26 19:47:02 INFO::Initialization of rook server on port 9001 has ended. Server is working...
2014-05-26 19:48:51 INFO::==================================================
2014-05-26 19:48:51 INFO::Initialization started
2014-05-26 19:48:51 INFO::-> loading packages (2 packages to load)
2014-05-26 19:48:51 INFO::---> package Rook loaded
2014-05-26 19:48:51 INFO::---> package logging loaded
2014-05-26 19:48:51 INFO::-> creating listener on port 9001
2014-05-26 19:48:51 INFO::-> loading applications (1 application to load)
2014-05-26 19:48:51 INFO::---> application app_test.R loaded
2014-05-26 19:48:51 INFO::Initialization of rook server on port 9001 has ended. Server is working...
2014-05-26 19:49:40 INFO::==================================================
2014-05-26 19:49:40 INFO::Initialization started
2014-05-26 19:49:40 INFO::-> loading packages (2 packages to load)
2014-05-26 19:49:40 INFO::---> package Rook loaded
2014-05-26 19:49:40 INFO::---> package logging loaded
2014-05-26 19:49:40 INFO::-> creating listener on port 9001
2014-05-26 19:49:40 INFO::-> loading applications (1 application to load)
2014-05-26 19:49:40 INFO::---> application app_test.R loaded
2014-05-26 19:49:40 INFO::Initialization of rook server on port 9001 has ended. Server is working...
2014-05-26 19:50:11 INFO::==================================================
2014-05-26 19:50:11 INFO::Initialization started
2014-05-26 19:50:11 INFO::-> loading packages (2 packages to load)
2014-05-26 19:50:11 INFO::---> package Rook loaded
2014-05-26 19:50:11 INFO::---> package logging loaded
2014-05-26 19:50:12 INFO::-> creating listener on port 9001
2014-05-26 19:50:12 INFO::-> loading applications (1 application to load)
2014-05-26 19:50:12 INFO::---> application app_test.R loaded
2014-05-26 19:50:12 INFO::Initialization of rook server on port 9001 has ended. Server is working...
2014-05-26 19:50:39 INFO::==================================================
2014-05-26 19:50:39 INFO::Initialization started
2014-05-26 19:50:39 INFO::-> loading packages (2 packages to load)
2014-05-26 19:50:39 INFO::---> package Rook loaded
2014-05-26 19:50:39 INFO::---> package logging loaded
2014-05-26 19:50:39 INFO::-> creating listener on port 9001
2014-05-26 19:50:39 INFO::dddddddddddddddddddddddddddddddd
2014-05-26 19:50:40 INFO::-> loading applications (1 application to load)
2014-05-26 19:50:40 INFO::---> application app_test.R loaded
2014-05-26 19:50:40 INFO::Initialization of rook server on port 9001 has ended. Server is working...
2014-05-26 19:51:01 INFO::==================================================
2014-05-26 19:51:01 INFO::Initialization started
2014-05-26 19:51:01 INFO::-> loading packages (2 packages to load)
2014-05-26 19:51:01 INFO::---> package Rook loaded
2014-05-26 19:51:01 INFO::---> package logging loaded
2014-05-26 19:51:01 INFO::-> creating listener on port 9001
2014-05-26 19:51:01 INFO::-> loading applications (1 application to load)
2014-05-26 19:51:01 INFO::---> application app_test.R loaded
2014-05-26 19:51:01 INFO::Initialization of rook server on port 9001 has ended. Server is working...
2014-05-26 19:51:05 INFO::==================================================
2014-05-26 19:51:05 INFO::Initialization started
2014-05-26 19:51:05 INFO::-> loading packages (2 packages to load)
2014-05-26 19:51:05 INFO::---> package Rook loaded
2014-05-26 19:51:05 INFO::---> package logging loaded
2014-05-26 19:51:05 INFO::-> creating listener on port 9001
2014-05-26 19:51:05 INFO::-> loading applications (1 application to load)
2014-05-26 19:51:05 INFO::---> application app_test.R loaded
2014-05-26 19:51:05 INFO::Initialization of rook server on port 9001 has ended. Server is working...
2014-05-26 19:51:15 INFO::==================================================
2014-05-26 19:51:15 INFO::Initialization started
2014-05-26 19:51:15 INFO::-> loading packages (2 packages to load)
2014-05-26 19:51:15 INFO::---> package Rook loaded
2014-05-26 19:51:15 INFO::---> package logging loaded
2014-05-26 19:51:15 INFO::-> creating listener on port 9001
2014-05-26 19:51:15 INFO::-> loading applications (1 application to load)
2014-05-26 19:51:15 INFO::---> application app_test.R loaded
2014-05-26 19:51:15 INFO::Initialization of rook server on port 9001 has ended. Server is working...
2014-05-26 19:52:03 INFO::==================================================
2014-05-26 19:52:03 INFO::Initialization started
2014-05-26 19:52:03 INFO::-> loading packages (2 packages to load)
2014-05-26 19:52:03 INFO::---> package Rook loaded
2014-05-26 19:52:03 INFO::---> package logging loaded
2014-05-26 19:52:03 INFO::-> creating listener on port 9001
2014-05-26 19:52:03 INFO::-> loading applications (1 application to load)
2014-05-26 19:52:03 INFO::---> application app_test.R loaded
2014-05-26 19:52:03 INFO::Initialization of rook server on port 9001 has ended. Server is working...
2014-05-26 21:03:00 INFO::==================================================
2014-05-26 21:03:00 INFO::Initialization started
2014-05-26 21:03:00 INFO::-> loading packages (2 packages to load)
2014-05-26 21:03:00 INFO::---> package Rook loaded
2014-05-26 21:03:00 INFO::---> package logging loaded
2014-05-26 21:03:00 INFO::-> creating listener on port 9001
2014-05-26 21:03:00 INFO::-> loading applications (1 application to load)
2014-05-26 21:03:00 INFO::---> application app_test.R loaded
2014-05-26 21:03:00 INFO::Initialization of rook server on port 9001 has ended. Server is working...
2014-05-26 21:03:49 INFO::==================================================
2014-05-26 21:03:49 INFO::Initialization started
2014-05-26 21:03:49 INFO::-> loading packages (2 packages to load)
2014-05-26 21:03:49 INFO::---> package Rook loaded
2014-05-26 21:03:49 INFO::---> package logging loaded
2014-05-26 21:04:09 INFO::-> creating listener on port 9001
2014-05-26 21:04:09 INFO::-> loading applications (1 application to load)
2014-05-26 21:04:09 INFO::---> application app_test.R loaded
2014-05-26 21:05:19 INFO::==================================================
2014-05-26 21:05:19 INFO::Initialization started
2014-05-26 21:05:19 INFO::-> loading packages (2 packages to load)
2014-05-26 21:05:20 INFO::---> package Rook loaded
2014-05-26 21:05:20 INFO::---> package logging loaded
2014-05-26 21:05:20 INFO::-> creating listener on port 9001
2014-05-26 21:05:20 INFO::-> loading applications (1 application to load)
2014-05-26 21:05:20 INFO::---> application app_test.R loaded
2014-05-26 21:05:20 INFO::Initialization of rook server on port 9001 has ended. Server is working...
2014-05-26 21:08:29 INFO::==================================================
2014-05-26 21:08:29 INFO::Initialization started
2014-05-26 21:08:29 INFO::-> loading packages (2 packages to load)
2014-05-26 21:08:29 INFO::---> package Rook loaded
2014-05-26 21:08:29 INFO::---> package logging loaded
2014-05-26 21:08:29 INFO::-> creating listener on port 9011
2014-05-26 21:08:30 INFO::-> loading applications (1 application to load)
2014-05-26 21:08:30 INFO::---> application app_test.R loaded
2014-05-26 21:08:30 INFO::Initialization of rook server on port 9011 has ended. Server is working...
2014-05-26 21:09:38 INFO::==================================================
2014-05-26 21:09:38 INFO::Initialization started
2014-05-26 21:09:38 INFO::-> loading packages (2 packages to load)
2014-05-26 21:09:38 INFO::---> package Rook loaded
2014-05-26 21:09:38 INFO::---> package logging loaded
2014-05-26 21:09:38 INFO::-> creating listener on port 9011
2014-05-26 21:09:38 INFO::-> loading applications (1 application to load)
2014-05-26 21:09:38 INFO::---> application app_test.R loaded
2014-05-26 21:09:38 INFO::Initialization of rook server on port 9011 has ended. Server is working...
2014-05-26 21:10:11 INFO::==================================================
2014-05-26 21:10:11 INFO::Initialization started
2014-05-26 21:10:11 INFO::-> loading packages (2 packages to load)
2014-05-26 21:10:11 INFO::---> package Rook loaded
2014-05-26 21:10:11 INFO::---> package logging loaded
2014-05-26 21:10:11 INFO::-> creating listener on port 9011
2014-05-26 21:10:11 INFO::-> loading applications (1 application to load)
2014-05-26 21:10:11 INFO::---> application app_test.R loaded
2014-05-26 21:10:11 INFO::Initialization of rook server on port 9011 has ended. Server is working...
2014-05-26 21:10:40 INFO::==================================================
2014-05-26 21:10:40 INFO::Initialization started
2014-05-26 21:10:40 INFO::-> loading packages (2 packages to load)
2014-05-26 21:10:41 INFO::---> package Rook loaded
2014-05-26 21:10:41 INFO::---> package logging loaded
2014-05-26 21:10:41 INFO::-> creating listener on port 9011
2014-05-26 21:10:41 INFO::-> loading applications (1 application to load)
2014-05-26 21:10:41 INFO::---> application app_test.R loaded
2014-05-26 21:10:41 INFO::Initialization of rook server on port 9011 has ended. Server is working...
2014-05-26 21:11:14 INFO::==================================================
2014-05-26 21:11:14 INFO::Initialization started
2014-05-26 21:11:14 INFO::-> loading packages (2 packages to load)
2014-05-26 21:11:14 INFO::---> package Rook loaded
2014-05-26 21:11:14 INFO::---> package logging loaded
2014-05-26 21:11:14 INFO::-> creating listener on port 9011
2014-05-26 21:11:14 INFO::-> loading applications (1 application to load)
2014-05-26 21:11:14 INFO::---> application app_test.R loaded
2014-05-26 21:11:14 INFO::Initialization of rook server on port 9011 has ended. Server is working...
2014-05-26 21:11:44 INFO::==================================================
2014-05-26 21:11:44 INFO::Initialization started
2014-05-26 21:11:44 INFO::-> loading packages (2 packages to load)
2014-05-26 21:11:44 INFO::---> package Rook loaded
2014-05-26 21:11:44 INFO::---> package logging loaded
2014-05-26 21:11:44 INFO::-> creating listener on port 19011
2014-05-26 21:11:44 INFO::-> loading applications (1 application to load)
2014-05-26 21:11:44 INFO::---> application app_test.R loaded
2014-05-26 21:11:44 INFO::Initialization of rook server on port 19011 has ended. Server is working...
2014-05-26 21:13:41 INFO::==================================================
2014-05-26 21:13:41 INFO::Initialization started
2014-05-26 21:13:41 INFO::-> loading packages (2 packages to load)
2014-05-26 21:13:41 INFO::---> package Rook loaded
2014-05-26 21:13:41 INFO::---> package logging loaded
2014-05-26 21:13:42 INFO::-> creating listener on port 19011
2014-05-26 21:13:42 INFO::-> loading applications (1 application to load)
2014-05-26 21:15:06 INFO::==================================================
2014-05-26 21:15:06 INFO::Initialization started
2014-05-26 21:15:06 INFO::-> loading packages (2 packages to load)
2014-05-26 21:15:06 INFO::---> package Rook loaded
2014-05-26 21:15:06 INFO::---> package logging loaded
2014-05-26 21:15:06 INFO::-> creating listener on port 19011
2014-05-26 21:15:06 INFO::-> loading applications (1 application to load)
2014-05-26 21:17:52 INFO::==================================================
2014-05-26 21:17:52 INFO::Initialization started
2014-05-26 21:17:52 INFO::-> loading packages (2 packages to load)
2014-05-26 21:17:52 INFO::---> package Rook loaded
2014-05-26 21:17:52 INFO::---> package logging loaded
2014-05-26 21:17:52 INFO::-> creating listener on port 19011
2014-05-26 21:17:52 INFO::-> loading applications (1 application to load)
2014-05-26 21:17:52 INFO::---> application test.R loaded
2014-05-26 21:17:52 INFO::Initialization of rook server on port 19011 has ended. Server is working...
2014-05-26 21:19:40 INFO::==================================================
2014-05-26 21:19:40 INFO::Initialization started
2014-05-26 21:19:40 INFO::-> loading packages (2 packages to load)
2014-05-26 21:19:40 INFO::---> package Rook loaded
2014-05-26 21:19:40 INFO::---> package logging loaded
2014-05-26 21:19:40 INFO::-> creating listener on port 19011
2014-05-26 21:19:40 INFO::-> loading applications (1 application to load)
2014-05-26 21:19:40 INFO::---> application test.R loaded
2014-05-26 21:19:40 INFO::Initialization of rook server on port 19011 has ended. Server is working...
